<?xml version="1.0" encoding="UTF-8"?>
<testsuite xmlns:xsi="http://www.w3.org/2001/XMLSchema-instance" xsi:noNamespaceSchemaLocation="https://maven.apache.org/surefire/maven-surefire-plugin/xsd/surefire-test-report.xsd" version="3.0.2" name="com.example.betapi.BetapiApplicationTests" time="1.741" tests="1" errors="0" skipped="0" failures="0">
  <properties>
[...]
</properties>
  <testcase name="contextLoads" classname="com.example.betapi.BetapiApplicationTests" time="0.329">
    <system-out><![CDATA[19:12:19.048 [main] INFO org.springframework.test.context.support.AnnotationConfigContextLoaderUtils -- Could not detect default configuration classes for test class [com.example.betapi.BetapiApplicationTests]: BetapiApplicationTests does not declare any static, non-private, non-final, nested classes annotated with @Configuration.
19:12:19.085 [main] INFO org.springframework.boot.test.context.SpringBootTestContextBootstrapper -- Found @SpringBootConfiguration com.example.betapi.BetapiApplication for test class com.example.betapi.BetapiApplicationTests

  .   ____          _            __ _ _
 /\\ / ___'_ __ _ _(_)_ __  __ _ \ \ \ \
( ( )\___ | '_ | '_| | '_ \/ _` | \ \ \ \
 \\/  ___)| |_)| | | | | || (_| |  ) ) ) )
  '  |____| .__|_| |_|_| |_\__, | / / / /
 =========|_|==============|___/=/_/_/_/

 :: Spring Boot ::                (v4.0.0)

2026-05-18T19:12:19.230+02:00  INFO 45874 --- [betapi] [           main] c.example.betapi.BetapiApplicationTests  : Starting BetapiApplicationTests using Java 21.0.4 with PID 45874 (started by marianjarembinsky in /Users/marianjarembinsky/IdeaProjects/betapi)
2026-05-18T19:12:19.231+02:00  INFO 45874 --- [betapi] [           main] c.example.betapi.BetapiApplicationTests  : No active profile set, falling back to 1 default profile: "default"
2026-05-18T19:12:19.694+02:00 DEBUG 45874 --- [betapi] [           main] swordEncoderAuthenticationManagerBuilder : No authenticationProviders and no parentAuthenticationManager defined. Returning null.
2026-05-18T19:12:19.765+02:00 DEBUG 45874 --- [betapi] [           main] er$RestTemplateWithNimbusDefaultTimeouts : HTTP GET https://accounts.google.com/.well-known/openid-configuration
2026-05-18T19:12:19.767+02:00 DEBUG 45874 --- [betapi] [           main] er$RestTemplateWithNimbusDefaultTimeouts : Accept=[application/json, application/*+json]
2026-05-18T19:12:20.051+02:00 DEBUG 45874 --- [betapi] [           main] er$RestTemplateWithNimbusDefaultTimeouts : Response 200 OK
2026-05-18T19:12:20.051+02:00 DEBUG 45874 --- [betapi] [           main] er$RestTemplateWithNimbusDefaultTimeouts : Reading to [java.util.Map<java.lang.String, java.lang.Object>]
2026-05-18T19:12:20.073+02:00 DEBUG 45874 --- [betapi] [           main] er$RestTemplateWithNimbusDefaultTimeouts : HTTP GET https://www.googleapis.com/oauth2/v3/certs
2026-05-18T19:12:20.073+02:00 DEBUG 45874 --- [betapi] [           main] er$RestTemplateWithNimbusDefaultTimeouts : Accept=[text/plain, application/json, application/*+json, */*]
2026-05-18T19:12:20.243+02:00 DEBUG 45874 --- [betapi] [           main] er$RestTemplateWithNimbusDefaultTimeouts : Response 200 OK
2026-05-18T19:12:20.243+02:00 DEBUG 45874 --- [betapi] [           main] er$RestTemplateWithNimbusDefaultTimeouts : Reading to [java.lang.String] as "application/json;charset=UTF-8"
2026-05-18T19:12:20.280+02:00 DEBUG 45874 --- [betapi] [           main] o.s.s.web.DefaultSecurityFilterChain     : Will secure any request with filters: DisableEncodeUrlFilter, WebAsyncManagerIntegrationFilter, SecurityContextHolderFilter, HeaderWriterFilter, CsrfFilter, LogoutFilter, OAuth2ProtectedResourceMetadataFilter, BearerTokenAuthenticationFilter, AuthenticationFilter, RequestCacheAwareFilter, SecurityContextHolderAwareRequestFilter, AnonymousAuthenticationFilter, ExceptionTranslationFilter, AuthorizationFilter
2026-05-18T19:12:20.385+02:00  INFO 45874 --- [betapi] [           main] c.example.betapi.BetapiApplicationTests  : Started BetapiApplicationTests in 1.249 seconds (process running for 1.663)
]]></system-out>
    <system-err><![CDATA[Mockito is currently self-attaching to enable the inline-mock-maker. This will no longer work in future releases of the JDK. Please add Mockito as an agent to your build as described in Mockito's documentation: https://javadoc.io/doc/org.mockito/mockito-core/latest/org.mockito/org/mockito/Mockito.html#0.3
WARNING: A Java agent has been loaded dynamically (/Users/marianjarembinsky/.m2/repository/net/bytebuddy/byte-buddy-agent/1.17.8/byte-buddy-agent-1.17.8.jar)
WARNING: If a serviceability tool is in use, please run with -XX:+EnableDynamicAgentLoading to hide this warning
WARNING: If a serviceability tool is not in use, please run with -Djdk.instrument.traceUsage for more information
WARNING: Dynamic loading of agents will be disallowed by default in a future release
]]></system-err>
  </testcase>
</testsuite>